<?xml version="1.0" encoding="UTF-8"?>
<!-- Generated by org.testng.reporters.JUnitXMLReporter -->
<testsuite ignored="0" hostname="HP" failures="0" tests="4" name="Test" time="13.015" errors="0" timestamp="2025-01-11T05:02:44 IST">
  <testcase classname="projectdemo1.parallel_testing1" name="test1" time="1.45"/>
  <testcase classname="projectdemo1.parallel_testing1" name="test2" time="3.935"/>
  <testcase classname="projectdemo1.parallel_testing1" name="test3" time="4.422"/>
  <testcase classname="projectdemo1.parallel_testing1" name="test4" time="0.997"/>
</testsuite> <!-- Test -->
