<?xml version="1.0" encoding="UTF-8"?>
<!-- Generated by org.testng.reporters.JUnitXMLReporter -->
<testsuite ignored="4" hostname="HP" failures="0" tests="2" name="DashboardTest" time="0.01" errors="0" timestamp="2025-01-10T17:09:27 IST">
  <testcase classname="projectdemo1.grouping" name="dashboard" time="0.002"/>
  <testcase classname="projectdemo1.grouping" name="dashboard1" time="0.002"/>
  <testcase classname="projectdemo1.grouping" name="homePage" time="0.0">
    <ignored/>
  </testcase> <!-- homePage -->
  <testcase classname="projectdemo1.grouping" name="logVerify" time="0.0">
    <ignored/>
  </testcase> <!-- logVerify -->
  <testcase classname="projectdemo1.grouping" name="homepage1" time="0.0">
    <ignored/>
  </testcase> <!-- homepage1 -->
  <testcase classname="projectdemo1.grouping" name="logInVerification" time="0.0">
    <ignored/>
  </testcase> <!-- logInVerification -->
</testsuite> <!-- DashboardTest -->
