<?xml version="1.0" encoding="UTF-8"?>
<!-- Generated by org.testng.reporters.JUnitXMLReporter -->
<testsuite ignored="0" hostname="HP" failures="0" tests="1" name="Test1" time="0.127" errors="0" timestamp="2025-01-11T05:27:14 IST">
  <testcase classname="projectdemo1.cross_browser" name="@AfterMethod logIn1" time="0.011">
    <failure type="java.lang.NullPointerException" message="Cannot invoke &amp;quot;org.openqa.selenium.WebDriver.get(String)&amp;quot; because &amp;quot;this.driver&amp;quot; is null">
      <![CDATA[java.lang.NullPointerException: Cannot invoke "org.openqa.selenium.WebDriver.get(String)" because "this.driver" is null
at projectdemo1.cross_browser.logIn1(cross_browser.java:52)
at java.base/java.util.ArrayList.forEach(ArrayList.java:1511)
... Removed 32 stack frames]]>
    </failure>
  </testcase> <!-- @AfterMethod logIn1 -->
  <testcase classname="projectdemo1.cross_browser" name="setUp" time="0.021"/>
</testsuite> <!-- Test1 -->
